
> trenbot-enterprise-frontend@0.1.0 storybook
> storybook dev -p 6006

@storybook/core v8.6.18

WARN The following packages are incompatible with Storybook 8.6.18 as they depend on different major versions of Storybook packages:
WARN - @storybook/addon-essentials@8.6.14 (8.6.18 available!)
WARN  Repo: https://github.com/storybookjs/storybook/tree/next/code/addons/essentials
WARN - @storybook/addon-interactions@8.6.14 (8.6.18 available!)
WARN  Repo: https://github.com/storybookjs/storybook/tree/next/code/addons/interactions
WARN 
WARN 
WARN Please consider updating your packages or contacting the maintainers for compatibility details.
WARN For more on Storybook 8 compatibility, see the linked GitHub issue:
WARN https://github.com/storybookjs/storybook/issues/26031
info => Serving static files from ././public at /
info => Starting manager..
info => Starting preview..
info Addon-docs: using MDX3
info => Using implicit CSS loaders
info => Using SWC as compiler
info => Using default Webpack5 setup
<i> [webpack-dev-middleware] wait until bundle finished
<s> [webpack.Progress] 3% setup watch run
<s> [webpack.Progress] 3% setup watch run VirtualModulesPlugin
<s> [webpack.Progress] 3% setup watch run webpack-dev-middleware
<s> [webpack.Progress] 3% setup watch run
<s> [webpack.Progress] 4% setup normal module factory
<s> [webpack.Progress] 4% setup normal module factory CaseSensitivePathsPlugin
<s> [webpack.Progress] 4% setup normal module factory
<s> [webpack.Progress] 5% setup context module factory
<s> [webpack.Progress] 5% setup context module factory
<s> [webpack.Progress] 6% setup before compile
<s> [webpack.Progress] 6% setup before compile ProgressPlugin
<s> [webpack.Progress] 6% setup before compile ProgressPlugin
<s> [webpack.Progress] 6% setup before compile
<s> [webpack.Progress] 7% setup compile
<s> [webpack.Progress] 7% setup compile ExternalsPlugin
<s> [webpack.Progress] 7% setup compile ExternalsPlugin
<s> [webpack.Progress] 7% setup compile
<s> [webpack.Progress] 8% setup compilation
<s> [webpack.Progress] 8% setup compilation HtmlWebpackPlugin
<s> [webpack.Progress] 8% setup compilation unplugin-csf
<s> [webpack.Progress] 8% setup compilation ArrayPushCallbackChunkFormatPlugin
<s> [webpack.Progress] 8% setup compilation JsonpChunkLoadingPlugin
<s> [webpack.Progress] 8% setup compilation StartupChunkDependenciesPlugin
<s> [webpack.Progress] 8% setup compilation ImportScriptsChunkLoadingPlugin
<s> [webpack.Progress] 8% setup compilation WorkerPlugin
<s> [webpack.Progress] 8% setup compilation SplitChunksPlugin
<s> [webpack.Progress] 8% setup compilation RuntimeChunkPlugin
<s> [webpack.Progress] 8% setup compilation ResolverCachePlugin
<s> [webpack.Progress] 8% setup compilation
<s> [webpack.Progress] 9% setup compilation
<s> [webpack.Progress] 9% setup compilation DefinePlugin
<s> [webpack.Progress] 9% setup compilation ProvidePlugin
<s> [webpack.Progress] 9% setup compilation HotModuleReplacementPlugin
<s> [webpack.Progress] 9% setup compilation ProgressPlugin
<s> [webpack.Progress] 9% setup compilation DefinePlugin
<s> [webpack.Progress] 9% setup compilation DefinePlugin
<s> [webpack.Progress] 9% setup compilation EntryPlugin
<s> [webpack.Progress] 9% setup compilation DefinePlugin
<s> [webpack.Progress] 9% setup compilation ProvidePlugin
<s> [webpack.Progress] 9% setup compilation ReactRefreshPlugin
<s> [webpack.Progress] 9% setup compilation ProvidePlugin
<s> [webpack.Progress] 9% setup compilation ChunkPrefetchPreloadPlugin
<s> [webpack.Progress] 9% setup compilation ModuleInfoHeaderPlugin
<s> [webpack.Progress] 9% setup compilation SourceMapDevToolPlugin
<s> [webpack.Progress] 9% setup compilation JavascriptModulesPlugin
<s> [webpack.Progress] 9% setup compilation JsonModulesPlugin
<s> [webpack.Progress] 9% setup compilation AssetModulesPlugin
<s> [webpack.Progress] 9% setup compilation EntryPlugin
<s> [webpack.Progress] 9% setup compilation EntryPlugin
<s> [webpack.Progress] 9% setup compilation RuntimePlugin
<s> [webpack.Progress] 9% setup compilation InferAsyncModulesPlugin
<s> [webpack.Progress] 9% setup compilation DataUriPlugin
<s> [webpack.Progress] 9% setup compilation FileUriPlugin
<s> [webpack.Progress] 9% setup compilation CompatibilityPlugin
<s> [webpack.Progress] 9% setup compilation HarmonyModulesPlugin
<s> [webpack.Progress] 9% setup compilation AMDPlugin
<s> [webpack.Progress] 9% setup compilation RequireJsStuffPlugin
<s> [webpack.Progress] 9% setup compilation CommonJsPlugin
<s> [webpack.Progress] 9% setup compilation LoaderPlugin
<s> [webpack.Progress] 9% setup compilation LoaderPlugin
<s> [webpack.Progress] 9% setup compilation NodeStuffPlugin
<s> [webpack.Progress] 9% setup compilation APIPlugin
<s> [webpack.Progress] 9% setup compilation ExportsInfoApiPlugin
<s> [webpack.Progress] 9% setup compilation WebpackIsIncludedPlugin
<s> [webpack.Progress] 9% setup compilation ConstPlugin
<s> [webpack.Progress] 9% setup compilation UseStrictPlugin
<s> [webpack.Progress] 9% setup compilation RequireIncludePlugin
<s> [webpack.Progress] 9% setup compilation RequireEnsurePlugin
<s> [webpack.Progress] 9% setup compilation RequireContextPlugin
<s> [webpack.Progress] 9% setup compilation ImportPlugin
<s> [webpack.Progress] 9% setup compilation ImportMetaContextPlugin
<s> [webpack.Progress] 9% setup compilation SystemPlugin
<s> [webpack.Progress] 9% setup compilation ImportMetaPlugin
<s> [webpack.Progress] 9% setup compilation URLPlugin
<s> [webpack.Progress] 9% setup compilation DefaultStatsFactoryPlugin
<s> [webpack.Progress] 9% setup compilation DefaultStatsPresetPlugin
<s> [webpack.Progress] 9% setup compilation DefaultStatsPrinterPlugin
<s> [webpack.Progress] 9% setup compilation JavascriptMetaInfoPlugin
<s> [webpack.Progress] 9% setup compilation EnsureChunkConditionsPlugin
<s> [webpack.Progress] 9% setup compilation RemoveEmptyChunksPlugin
<s> [webpack.Progress] 9% setup compilation MergeDuplicateChunksPlugin
<s> [webpack.Progress] 9% setup compilation SideEffectsFlagPlugin
<s> [webpack.Progress] 9% setup compilation FlagDependencyExportsPlugin
<s> [webpack.Progress] 9% setup compilation NamedModuleIdsPlugin
<s> [webpack.Progress] 9% setup compilation NamedChunkIdsPlugin
<s> [webpack.Progress] 9% setup compilation DefinePlugin
<s> [webpack.Progress] 9% setup compilation TemplatedPathPlugin
<s> [webpack.Progress] 9% setup compilation RecordIdsPlugin
<s> [webpack.Progress] 9% setup compilation WarnCaseSensitiveModulesPlugin
<s> [webpack.Progress] 9% setup compilation IgnoreWarningsPlugin
<s> [webpack.Progress] 9% setup compilation ProgressPlugin
<s> [webpack.Progress] 9% setup compilation
<s> [webpack.Progress] 10% building
<s> [webpack.Progress] 10% building 0/1 entries 0/0 dependencies 0/0 modules
<s> [webpack.Progress] 28% building 1/3 entries 1/3 dependencies 0/0 modules
<s> [webpack.Progress] 46% building 2/3 entries 2/3 dependencies 0/0 modules
<s> [webpack.Progress] 65% building 3/3 entries 3/3 dependencies 0/0 modules
<s> [webpack.Progress] 65% building
<s> [webpack.Progress] 69% building finish
<s> [webpack.Progress] 69% building finish
<s> [webpack.Progress] 70% sealing finish module graph
<s> [webpack.Progress] 70% sealing finish module graph ResolverCachePlugin
<s> [webpack.Progress] 70% sealing finish module graph InferAsyncModulesPlugin
<s> [webpack.Progress] 70% sealing finish module graph FlagDependencyExportsPlugin
<s> [webpack.Progress] 70% sealing finish module graph
<s> [webpack.Progress] 70% sealing plugins
<s> [webpack.Progress] 70% sealing plugins WarnCaseSensitiveModulesPlugin
<s> [webpack.Progress] 70% sealing plugins
<s> [webpack.Progress] 71% sealing dependencies optimization
<s> [webpack.Progress] 71% sealing dependencies optimization SideEffectsFlagPlugin
<s> [webpack.Progress] 71% sealing dependencies optimization
<s> [webpack.Progress] 71% sealing after dependencies optimization
<s> [webpack.Progress] 71% sealing after dependencies optimization
<s> [webpack.Progress] 72% sealing chunk graph
<s> [webpack.Progress] 72% sealing chunk graph
<s> [webpack.Progress] 73% sealing after chunk graph
<s> [webpack.Progress] 73% sealing after chunk graph
<s> [webpack.Progress] 73% sealing optimizing
<s> [webpack.Progress] 73% sealing optimizing
<s> [webpack.Progress] 74% sealing module optimization
<s> [webpack.Progress] 74% sealing module optimization
<s> [webpack.Progress] 75% sealing after module optimization
<s> [webpack.Progress] 75% sealing after module optimization
<s> [webpack.Progress] 75% sealing chunk optimization
<s> [webpack.Progress] 75% sealing chunk optimization EnsureChunkConditionsPlugin
<s> [webpack.Progress] 75% sealing chunk optimization RemoveEmptyChunksPlugin
<s> [webpack.Progress] 75% sealing chunk optimization MergeDuplicateChunksPlugin
<s> [webpack.Progress] 75% sealing chunk optimization SplitChunksPlugin
<s> [webpack.Progress] 75% sealing chunk optimization RemoveEmptyChunksPlugin
<s> [webpack.Progress] 75% sealing chunk optimization
<s> [webpack.Progress] 76% sealing after chunk optimization
<s> [webpack.Progress] 76% sealing after chunk optimization
<s> [webpack.Progress] 77% sealing module and chunk tree optimization
<s> [webpack.Progress] 77% sealing module and chunk tree optimization PersistentChildCompilerSingletonPlugin
<s> [webpack.Progress] 77% sealing module and chunk tree optimization
<s> [webpack.Progress] 77% sealing after module and chunk tree optimization
<s> [webpack.Progress] 77% sealing after module and chunk tree optimization
<s> [webpack.Progress] 78% sealing chunk modules optimization
<s> [webpack.Progress] 78% sealing chunk modules optimization
<s> [webpack.Progress] 78% sealing after chunk modules optimization
<s> [webpack.Progress] 78% sealing after chunk modules optimization
<s> [webpack.Progress] 79% sealing module reviving
<s> [webpack.Progress] 79% sealing module reviving RecordIdsPlugin
<s> [webpack.Progress] 79% sealing module reviving
<s> [webpack.Progress] 80% sealing before module ids
<s> [webpack.Progress] 80% sealing before module ids
<s> [webpack.Progress] 80% sealing module ids
<s> [webpack.Progress] 80% sealing module ids NamedModuleIdsPlugin
<s> [webpack.Progress] 80% sealing module ids
<s> [webpack.Progress] 81% sealing module id optimization
<s> [webpack.Progress] 81% sealing module id optimization
<s> [webpack.Progress] 82% sealing module id optimization
<s> [webpack.Progress] 82% sealing module id optimization
<s> [webpack.Progress] 82% sealing chunk reviving
<s> [webpack.Progress] 82% sealing chunk reviving RecordIdsPlugin
<s> [webpack.Progress] 82% sealing chunk reviving
<s> [webpack.Progress] 83% sealing before chunk ids
<s> [webpack.Progress] 83% sealing before chunk ids
<s> [webpack.Progress] 84% sealing chunk ids
<s> [webpack.Progress] 84% sealing chunk ids NamedChunkIdsPlugin
<s> [webpack.Progress] 84% sealing chunk ids
<s> [webpack.Progress] 84% sealing chunk id optimization
<s> [webpack.Progress] 84% sealing chunk id optimization
<s> [webpack.Progress] 85% sealing after chunk id optimization
<s> [webpack.Progress] 85% sealing after chunk id optimization
<s> [webpack.Progress] 86% sealing record modules
<s> [webpack.Progress] 86% sealing record modules RecordIdsPlugin
<s> [webpack.Progress] 86% sealing record modules
<s> [webpack.Progress] 86% sealing record chunks
<s> [webpack.Progress] 86% sealing record chunks RecordIdsPlugin
<s> [webpack.Progress] 86% sealing record chunks
<s> [webpack.Progress] 87% sealing module hashing
<s> [webpack.Progress] 87% sealing module hashing
<s> [webpack.Progress] 87% sealing code generation
<s> [webpack.Progress] 87% sealing code generation
<s> [webpack.Progress] 88% sealing runtime requirements
<s> [webpack.Progress] 88% sealing runtime requirements
<s> [webpack.Progress] 89% sealing hashing
<s> [webpack.Progress] 89% sealing hashing
<s> [webpack.Progress] 89% sealing after hashing
<s> [webpack.Progress] 89% sealing after hashing
<s> [webpack.Progress] 90% sealing record hash
<s> [webpack.Progress] 90% sealing record hash
<s> [webpack.Progress] 91% sealing module assets processing
<s> [webpack.Progress] 91% sealing module assets processing
<s> [webpack.Progress] 91% sealing chunk assets processing
<s> [webpack.Progress] 91% sealing chunk assets processing
<s> [webpack.Progress] 92% sealing asset processing
<s> [webpack.Progress] 92% sealing asset processing HotModuleReplacementPlugin
<s> [webpack.Progress] 92% sealing asset processing PersistentChildCompilerSingletonPlugin
<s> [webpack.Progress] 92% sealing asset processing SourceMapDevToolPlugin
<s> [webpack.Progress] 92% sealing asset processing HtmlWebpackPlugin
<s> [webpack.Progress] 92% sealing asset processing
<s> [webpack.Progress] 93% sealing after asset optimization
<s> [webpack.Progress] 93% sealing after asset optimization
<s> [webpack.Progress] 93% sealing recording
<s> [webpack.Progress] 93% sealing recording HotModuleReplacementPlugin
<s> [webpack.Progress] 93% sealing recording
<s> [webpack.Progress] 94% sealing after seal
<s> [webpack.Progress] 94% sealing after seal
<s> [webpack.Progress] 95% emitting emit
<s> [webpack.Progress] 95% emitting emit DevMiddleware
<s> [webpack.Progress] 95% emitting emit
<s> [webpack.Progress] 98% emitting after emit
<s> [webpack.Progress] 98% emitting after emit SizeLimitsPlugin
<s> [webpack.Progress] 98% emitting after emit
<s> [webpack.Progress] 99% done plugins
<s> [webpack.Progress] 99% done plugins CaseSensitivePathsPlugin
<s> [webpack.Progress] 99% done plugins webpack-dev-middleware
<s> [webpack.Progress] 99% done plugins webpack-hot-middleware
<s> [webpack.Progress] 99% done plugins
<s> [webpack.Progress] 99% 

<s> [webpack.Progress] 99% cache store build dependencies
<s> [webpack.Progress] 99% cache store build dependencies
<s> [webpack.Progress] 99% cache begin idle
<s> [webpack.Progress] 99% cache begin idle
<s> [webpack.Progress] 100% 

ERROR in main
Module not found: TypeError: Cannot read properties of undefined (reading 'tap')

ERROR in Module not found: TypeError: Cannot read properties of undefined (reading 'tap')

ERROR in main
Module not found: TypeError: Cannot read properties of undefined (reading 'tap')

ERROR in Error: Child compilation failed:
  Module not found: TypeError: Cannot read properties of undefined (reading 'tap  ')
  ModuleNotFoundError: Module not found: TypeError: Cannot read properties of un  defined (reading 'tap')
      at /home/giuli/trenbot-enterprise/node_modules/next/dist/compiled/webpack/  bundle5.js:29:89507
      at /home/giuli/trenbot-enterprise/node_modules/next/dist/compiled/webpack/  bundle5.js:29:426239
      at eval (eval at create (/home/giuli/trenbot-enterprise/node_modules/next/  dist/compiled/webpack/bundle5.js:14:9224), <anonymous>:10:1)
      at /home/giuli/trenbot-enterprise/node_modules/next/dist/compiled/webpack/  bundle5.js:29:419889
      at eval (eval at create (/home/giuli/trenbot-enterprise/node_modules/next/  dist/compiled/webpack/bundle5.js:14:9224), <anonymous>:9:1)
      at /home/giuli/trenbot-enterprise/node_modules/next/dist/compiled/webpack/  bundle5.js:29:424076
      at /home/giuli/trenbot-enterprise/node_modules/next/dist/compiled/webpack/  bundle5.js:29:417323
      at /home/giuli/trenbot-enterprise/node_modules/next/dist/compiled/webpack/  bundle5.js:29:424295
      at NormalModuleFactory.resolveRequestArray (/home/giuli/trenbot-enterprise  /node_modules/next/dist/compiled/webpack/bundle5.js:29:429278)
      at /home/giuli/trenbot-enterprise/node_modules/next/dist/compiled/webpack/  bundle5.js:29:424237
  Module not found: TypeError: Cannot read properties of undefined (reading 'tap  ')
  ModuleNotFoundError: Module not found: TypeError: Cannot read properties of un  defined (reading 'tap')
      at /home/giuli/trenbot-enterprise/node_modules/next/dist/compiled/webpack/  bundle5.js:29:89507
      at /home/giuli/trenbot-enterprise/node_modules/next/dist/compiled/webpack/  bundle5.js:29:426239
      at eval (eval at create (/home/giuli/trenbot-enterprise/node_modules/next/  dist/compiled/webpack/bundle5.js:14:9224), <anonymous>:10:1)
      at /home/giuli/trenbot-enterprise/node_modules/next/dist/compiled/webpack/  bundle5.js:29:419889
      at eval (eval at create (/home/giuli/trenbot-enterprise/node_modules/next/  dist/compiled/webpack/bundle5.js:14:9224), <anonymous>:9:1)
      at /home/giuli/trenbot-enterprise/node_modules/next/dist/compiled/webpack/  bundle5.js:29:424076
      at /home/giuli/trenbot-enterprise/node_modules/next/dist/compiled/webpack/  bundle5.js:29:417323
      at /home/giuli/trenbot-enterprise/node_modules/next/dist/compiled/webpack/  bundle5.js:29:424295
      at NormalModuleFactory.resolveRequestArray (/home/giuli/trenbot-enterprise  /node_modules/next/dist/compiled/webpack/bundle5.js:29:429278)
      at /home/giuli/trenbot-enterprise/node_modules/next/dist/compiled/webpack/  bundle5.js:29:424237
  
  - bundle5.js:29 
    [trenbot-enterprise]/[next]/dist/compiled/webpack/bundle5.js:29:89507
  
  - bundle5.js:29 
    [trenbot-enterprise]/[next]/dist/compiled/webpack/bundle5.js:29:426239
  
  
  - bundle5.js:29 
    [trenbot-enterprise]/[next]/dist/compiled/webpack/bundle5.js:29:419889
  
  
  - bundle5.js:29 
    [trenbot-enterprise]/[next]/dist/compiled/webpack/bundle5.js:29:424076
  
  - bundle5.js:29 
    [trenbot-enterprise]/[next]/dist/compiled/webpack/bundle5.js:29:417323
  
  - bundle5.js:29 
    [trenbot-enterprise]/[next]/dist/compiled/webpack/bundle5.js:29:424295
  
  - bundle5.js:29 NormalModuleFactory.resolveRequestArray
    [trenbot-enterprise]/[next]/dist/compiled/webpack/bundle5.js:29:429278
  
  - bundle5.js:29 
    [trenbot-enterprise]/[next]/dist/compiled/webpack/bundle5.js:29:424237
  
  - Module not found: TypeError: Cannot read properties of undefined (reading 't    ap')
  
  - ModuleNotFoundError: Module not found: TypeError: Cannot read properties of     undefined (reading 'tap')
  
  - bundle5.js:29 
    [trenbot-enterprise]/[next]/dist/compiled/webpack/bundle5.js:29:89507
  
  - bundle5.js:29 
    [trenbot-enterprise]/[next]/dist/compiled/webpack/bundle5.js:29:426239
  
  
  - bundle5.js:29 
    [trenbot-enterprise]/[next]/dist/compiled/webpack/bundle5.js:29:419889
  
  
  - bundle5.js:29 
    [trenbot-enterprise]/[next]/dist/compiled/webpack/bundle5.js:29:424076
  
  - bundle5.js:29 
    [trenbot-enterprise]/[next]/dist/compiled/webpack/bundle5.js:29:417323
  
  - bundle5.js:29 
    [trenbot-enterprise]/[next]/dist/compiled/webpack/bundle5.js:29:424295
  
  - bundle5.js:29 NormalModuleFactory.resolveRequestArray
    [trenbot-enterprise]/[next]/dist/compiled/webpack/bundle5.js:29:429278
  
  - bundle5.js:29 
    [trenbot-enterprise]/[next]/dist/compiled/webpack/bundle5.js:29:424237
  
  - child-compiler.js:211 
    [trenbot-enterprise]/[html-webpack-plugin]/lib/child-compiler.js:211:18
  
  - bundle5.js:29 finalCallback
    [trenbot-enterprise]/[next]/dist/compiled/webpack/bundle5.js:29:141516
  
  - bundle5.js:29 
    [trenbot-enterprise]/[next]/dist/compiled/webpack/bundle5.js:29:141944
  
  - bundle5.js:29 
    [trenbot-enterprise]/[next]/dist/compiled/webpack/bundle5.js:29:149689
  
  
  - task_queues:95 process.processTicksAndRejections
    node:internal/process/task_queues:95:5

2 ERRORS in child compilations (Use 'stats.children: true' resp. '--stats-children' for more details)
preview compiled with 6 errors
[38;2;241;97;97m=> Failed to build the preview[39m
<s> [webpack.Progress] 99% end closing watch compilation
<s> [webpack.Progress] 99% end closing watch compilation
WARN Force closed preview build
[38;2;241;97;97mSB_BUILDER-WEBPACK5_0003 (WebpackCompilationError): There were problems when compiling your code with Webpack.
Run Storybook with --debug-webpack for more information.[39m
    at starter (/home/giuli/trenbot-enterprise/node_modules/@storybook/builder-webpack5/dist/index.js:1:24163)
    at starter.next (<anonymous>)
    at Module.start (/home/giuli/trenbot-enterprise/node_modules/@storybook/builder-webpack5/dist/index.js:1:26142)
    at process.processTicksAndRejections (node:internal/process/task_queues:95:5)
    at async storybookDevServer (/home/giuli/trenbot-enterprise/node_modules/@storybook/core/dist/core-server/index.cjs:38063:79)
    at async buildOrThrow (/home/giuli/trenbot-enterprise/node_modules/@storybook/core/dist/core-server/index.cjs:36524:12)
    at async buildDevStandalone (/home/giuli/trenbot-enterprise/node_modules/@storybook/core/dist/core-server/index.cjs:39252:78)
    at async withTelemetry (/home/giuli/trenbot-enterprise/node_modules/@storybook/core/dist/core-server/index.cjs:37269:12)
    at async dev (/home/giuli/trenbot-enterprise/node_modules/@storybook/core/dist/cli/bin/index.cjs:5874:3)
    at async s.<anonymous> (/home/giuli/trenbot-enterprise/node_modules/@storybook/core/dist/cli/bin/index.cjs:6052:74)

WARN Broken build, fix the error above.
WARN You may need to refresh the browser.

npm ERR! Lifecycle script `storybook` failed with error: 
npm ERR! Error: command failed 
npm ERR!   in workspace: trenbot-enterprise-frontend@0.1.0 
npm ERR!   at location: /home/giuli/trenbot-enterprise/apps/frontend 
